Training started at 20260405_025117
================================================================================
Iter 0: critic_loss=0.498763, actor_loss=527.507454, V_early=-18.77, mean_cost=-0.009038, mean_terminal_hedging_error=2.277550, std_terminal_hedging_error=13.862247, mean_action=0.269294
  CVaR: CVaR_91%=28.6138, CVaR_92%=29.7513, CVaR_93%=30.9000, CVaR_94%=32.2114, CVaR_95%=33.5938, CVaR_96%=35.2131, CVaR_97%=37.1271, CVaR_98%=39.7421, CVaR_99%=43.8723
Iter 10: critic_loss=0.033431, actor_loss=6.653320, V_early=289.28, mean_cost=0.000299, mean_terminal_hedging_error=-0.075360, std_terminal_hedging_error=4.985606, mean_action=0.182810
  CVaR: CVaR_91%=10.4110, CVaR_92%=10.7547, CVaR_93%=11.1039, CVaR_94%=11.5048, CVaR_95%=11.9443, CVaR_96%=12.5221, CVaR_97%=13.1715, CVaR_98%=14.0290, CVaR_99%=15.1611
Iter 20: critic_loss=0.030123, actor_loss=9.793366, V_early=230.11, mean_cost=0.000574, mean_terminal_hedging_error=-0.144589, std_terminal_hedging_error=4.105679, mean_action=0.166503
  CVaR: CVaR_91%=8.2463, CVaR_92%=8.5878, CVaR_93%=8.9563, CVaR_94%=9.4162, CVaR_95%=9.9487, CVaR_96%=10.5978, CVaR_97%=11.3774, CVaR_98%=12.5109, CVaR_99%=14.0356
Iter 30: critic_loss=0.029817, actor_loss=18.834199, V_early=202.54, mean_cost=0.001307, mean_terminal_hedging_error=-0.329448, std_terminal_hedging_error=3.314698, mean_action=0.170403
  CVaR: CVaR_91%=6.9937, CVaR_92%=7.2977, CVaR_93%=7.6330, CVaR_94%=8.0472, CVaR_95%=8.5376, CVaR_96%=9.1733, CVaR_97%=9.9045, CVaR_98%=10.9511, CVaR_99%=12.7404
Iter 40: critic_loss=0.025445, actor_loss=6.149343, V_early=196.01, mean_cost=0.000825, mean_terminal_hedging_error=-0.207885, std_terminal_hedging_error=3.110780, mean_action=0.159217
  CVaR: CVaR_91%=6.6448, CVaR_92%=6.9089, CVaR_93%=7.1997, CVaR_94%=7.5517, CVaR_95%=7.9503, CVaR_96%=8.4542, CVaR_97%=9.0874, CVaR_98%=9.9881, CVaR_99%=11.2187
Iter 50: critic_loss=0.026166, actor_loss=10.379779, V_early=188.09, mean_cost=0.000786, mean_terminal_hedging_error=-0.198021, std_terminal_hedging_error=3.009650, mean_action=0.171555
  CVaR: CVaR_91%=6.5273, CVaR_92%=6.7996, CVaR_93%=7.0961, CVaR_94%=7.4624, CVaR_95%=7.8692, CVaR_96%=8.4051, CVaR_97%=9.0329, CVaR_98%=9.9087, CVaR_99%=11.2695
Iter 60: critic_loss=0.025029, actor_loss=7.333439, V_early=177.74, mean_cost=0.001630, mean_terminal_hedging_error=-0.410852, std_terminal_hedging_error=3.019358, mean_action=0.166982
  CVaR: CVaR_91%=7.3676, CVaR_92%=7.6943, CVaR_93%=8.0436, CVaR_94%=8.4640, CVaR_95%=8.9168, CVaR_96%=9.4945, CVaR_97%=10.1968, CVaR_98%=11.1592, CVaR_99%=12.4425
Iter 70: critic_loss=0.025982, actor_loss=7.461456, V_early=189.14, mean_cost=0.000632, mean_terminal_hedging_error=-0.159273, std_terminal_hedging_error=3.198044, mean_action=0.163367
  CVaR: CVaR_91%=6.9455, CVaR_92%=7.2582, CVaR_93%=7.5946, CVaR_94%=7.9826, CVaR_95%=8.3913, CVaR_96%=8.9023, CVaR_97%=9.5181, CVaR_98%=10.4017, CVaR_99%=11.8391
Iter 80: critic_loss=0.025373, actor_loss=7.009658, V_early=178.04, mean_cost=0.002044, mean_terminal_hedging_error=-0.515193, std_terminal_hedging_error=2.947391, mean_action=0.165826
  CVaR: CVaR_91%=7.2310, CVaR_92%=7.5884, CVaR_93%=7.9794, CVaR_94%=8.4490, CVaR_95%=8.9460, CVaR_96%=9.5338, CVaR_97%=10.2175, CVaR_98%=11.1140, CVaR_99%=12.5382
Iter 90: critic_loss=0.023999, actor_loss=5.478671, V_early=171.73, mean_cost=0.001552, mean_terminal_hedging_error=-0.391087, std_terminal_hedging_error=2.937180, mean_action=0.167660
  CVaR: CVaR_91%=7.2015, CVaR_92%=7.5261, CVaR_93%=7.8568, CVaR_94%=8.2472, CVaR_95%=8.6804, CVaR_96%=9.2363, CVaR_97%=9.8632, CVaR_98%=10.7041, CVaR_99%=11.8024
Iter 100: critic_loss=0.023855, actor_loss=6.445860, V_early=162.77, mean_cost=0.000839, mean_terminal_hedging_error=-0.211486, std_terminal_hedging_error=2.654308, mean_action=0.166324
  CVaR: CVaR_91%=6.0772, CVaR_92%=6.3455, CVaR_93%=6.6302, CVaR_94%=6.9808, CVaR_95%=7.3726, CVaR_96%=7.8559, CVaR_97%=8.4196, CVaR_98%=9.2371, CVaR_99%=10.5925
Iter 110: critic_loss=0.023722, actor_loss=5.608646, V_early=159.30, mean_cost=0.000883, mean_terminal_hedging_error=-0.222623, std_terminal_hedging_error=2.732240, mean_action=0.169560
  CVaR: CVaR_91%=6.1348, CVaR_92%=6.4037, CVaR_93%=6.6966, CVaR_94%=7.0614, CVaR_95%=7.4611, CVaR_96%=7.9685, CVaR_97%=8.6104, CVaR_98%=9.6056, CVaR_99%=11.2799
Iter 120: critic_loss=0.023351, actor_loss=5.245322, V_early=163.00, mean_cost=0.000905, mean_terminal_hedging_error=-0.228121, std_terminal_hedging_error=2.831538, mean_action=0.167644
  CVaR: CVaR_91%=6.1244, CVaR_92%=6.3765, CVaR_93%=6.6511, CVaR_94%=6.9782, CVaR_95%=7.3538, CVaR_96%=7.8443, CVaR_97%=8.4455, CVaR_98%=9.2471, CVaR_99%=10.5453
Iter 130: critic_loss=0.023362, actor_loss=5.134124, V_early=161.61, mean_cost=0.001492, mean_terminal_hedging_error=-0.375977, std_terminal_hedging_error=2.759399, mean_action=0.169396
  CVaR: CVaR_91%=6.6638, CVaR_92%=6.9338, CVaR_93%=7.2127, CVaR_94%=7.5487, CVaR_95%=7.9314, CVaR_96%=8.4343, CVaR_97%=9.0343, CVaR_98%=9.9404, CVaR_99%=11.3733
Iter 140: critic_loss=0.025364, actor_loss=7.628684, V_early=155.71, mean_cost=0.001577, mean_terminal_hedging_error=-0.397444, std_terminal_hedging_error=2.759842, mean_action=0.160425
  CVaR: CVaR_91%=6.6524, CVaR_92%=6.9166, CVaR_93%=7.1905, CVaR_94%=7.5134, CVaR_95%=7.8577, CVaR_96%=8.2533, CVaR_97%=8.6975, CVaR_98%=9.3134, CVaR_99%=10.3773
Iter 150: critic_loss=0.026204, actor_loss=11.026518, V_early=156.87, mean_cost=0.001370, mean_terminal_hedging_error=-0.345254, std_terminal_hedging_error=2.794604, mean_action=0.169025
  CVaR: CVaR_91%=6.4406, CVaR_92%=6.6935, CVaR_93%=6.9683, CVaR_94%=7.2829, CVaR_95%=7.6418, CVaR_96%=8.1097, CVaR_97%=8.7462, CVaR_98%=9.8686, CVaR_99%=11.6806
Iter 160: critic_loss=0.023953, actor_loss=4.686506, V_early=167.63, mean_cost=0.001152, mean_terminal_hedging_error=-0.290184, std_terminal_hedging_error=2.673205, mean_action=0.169165
  CVaR: CVaR_91%=6.2737, CVaR_92%=6.5185, CVaR_93%=6.7705, CVaR_94%=7.0839, CVaR_95%=7.4193, CVaR_96%=7.8406, CVaR_97%=8.3337, CVaR_98%=9.0845, CVaR_99%=10.1918
Iter 170: critic_loss=0.024623, actor_loss=6.638428, V_early=150.32, mean_cost=0.001167, mean_terminal_hedging_error=-0.293964, std_terminal_hedging_error=2.671944, mean_action=0.168119
  CVaR: CVaR_91%=6.3623, CVaR_92%=6.5956, CVaR_93%=6.8479, CVaR_94%=7.1447, CVaR_95%=7.4737, CVaR_96%=7.8899, CVaR_97%=8.3807, CVaR_98%=9.0957, CVaR_99%=10.1785
Iter 180: critic_loss=0.024447, actor_loss=6.644841, V_early=153.81, mean_cost=0.002029, mean_terminal_hedging_error=-0.511195, std_terminal_hedging_error=2.791273, mean_action=0.166117
  CVaR: CVaR_91%=6.9402, CVaR_92%=7.1961, CVaR_93%=7.4680, CVaR_94%=7.7828, CVaR_95%=8.1069, CVaR_96%=8.5148, CVaR_97%=8.9727, CVaR_98%=9.5739, CVaR_99%=10.5586
Iter 190: critic_loss=0.023523, actor_loss=4.789850, V_early=161.08, mean_cost=0.001323, mean_terminal_hedging_error=-0.333284, std_terminal_hedging_error=2.772353, mean_action=0.169337
  CVaR: CVaR_91%=6.7077, CVaR_92%=7.0047, CVaR_93%=7.3072, CVaR_94%=7.6618, CVaR_95%=8.0440, CVaR_96%=8.5361, CVaR_97%=9.0956, CVaR_98%=9.8942, CVaR_99%=11.1259
Iter 200: critic_loss=0.023833, actor_loss=5.672522, V_early=153.90, mean_cost=0.001344, mean_terminal_hedging_error=-0.338685, std_terminal_hedging_error=2.734457, mean_action=0.165375
  CVaR: CVaR_91%=6.7262, CVaR_92%=7.0217, CVaR_93%=7.3302, CVaR_94%=7.6973, CVaR_95%=8.1130, CVaR_96%=8.6528, CVaR_97%=9.3337, CVaR_98%=10.3088, CVaR_99%=11.8448
Iter 210: critic_loss=0.034841, actor_loss=11.143258, V_early=150.49, mean_cost=0.001839, mean_terminal_hedging_error=-0.463361, std_terminal_hedging_error=2.835127, mean_action=0.164349
  CVaR: CVaR_91%=7.0301, CVaR_92%=7.3461, CVaR_93%=7.6887, CVaR_94%=8.1096, CVaR_95%=8.5801, CVaR_96%=9.1572, CVaR_97%=9.8479, CVaR_98%=10.7948, CVaR_99%=12.2978
Iter 220: critic_loss=0.025172, actor_loss=5.987169, V_early=157.21, mean_cost=0.001207, mean_terminal_hedging_error=-0.304267, std_terminal_hedging_error=2.898518, mean_action=0.166339
  CVaR: CVaR_91%=6.9515, CVaR_92%=7.2920, CVaR_93%=7.6413, CVaR_94%=8.0384, CVaR_95%=8.4961, CVaR_96%=9.0924, CVaR_97%=9.7880, CVaR_98%=10.8079, CVaR_99%=12.4681
Iter 230: critic_loss=0.025803, actor_loss=5.642158, V_early=160.38, mean_cost=0.001601, mean_terminal_hedging_error=-0.403333, std_terminal_hedging_error=2.767730, mean_action=0.166684
  CVaR: CVaR_91%=6.6732, CVaR_92%=6.9478, CVaR_93%=7.2438, CVaR_94%=7.5978, CVaR_95%=7.9970, CVaR_96%=8.5116, CVaR_97%=9.1207, CVaR_98%=9.9211, CVaR_99%=11.2793
Iter 240: critic_loss=0.022991, actor_loss=5.110567, V_early=152.80, mean_cost=0.001268, mean_terminal_hedging_error=-0.319604, std_terminal_hedging_error=2.773608, mean_action=0.170303
  CVaR: CVaR_91%=6.6086, CVaR_92%=6.8655, CVaR_93%=7.1282, CVaR_94%=7.4485, CVaR_95%=7.8058, CVaR_96%=8.2854, CVaR_97%=8.8707, CVaR_98%=9.6701, CVaR_99%=10.9769
Iter 250: critic_loss=0.022679, actor_loss=5.130604, V_early=148.30, mean_cost=0.001555, mean_terminal_hedging_error=-0.391829, std_terminal_hedging_error=2.690764, mean_action=0.165547
  CVaR: CVaR_91%=6.5647, CVaR_92%=6.8684, CVaR_93%=7.1922, CVaR_94%=7.5834, CVaR_95%=8.0139, CVaR_96%=8.5804, CVaR_97%=9.2840, CVaR_98%=10.4132, CVaR_99%=12.3755
Iter 260: critic_loss=0.023831, actor_loss=5.600213, V_early=150.47, mean_cost=0.001411, mean_terminal_hedging_error=-0.355672, std_terminal_hedging_error=2.702567, mean_action=0.167143
  CVaR: CVaR_91%=6.5766, CVaR_92%=6.8516, CVaR_93%=7.1234, CVaR_94%=7.4387, CVaR_95%=7.7890, CVaR_96%=8.2276, CVaR_97%=8.7671, CVaR_98%=9.5806, CVaR_99%=10.9180
Iter 270: critic_loss=0.023635, actor_loss=4.717673, V_early=158.42, mean_cost=0.002189, mean_terminal_hedging_error=-0.551595, std_terminal_hedging_error=2.807645, mean_action=0.165805
  CVaR: CVaR_91%=7.0302, CVaR_92%=7.3371, CVaR_93%=7.6666, CVaR_94%=8.0543, CVaR_95%=8.4950, CVaR_96%=9.0473, CVaR_97%=9.7210, CVaR_98%=10.7335, CVaR_99%=12.4649
Iter 280: critic_loss=0.024123, actor_loss=5.318360, V_early=154.66, mean_cost=0.001760, mean_terminal_hedging_error=-0.443492, std_terminal_hedging_error=2.758919, mean_action=0.161335
  CVaR: CVaR_91%=6.8149, CVaR_92%=7.0682, CVaR_93%=7.3238, CVaR_94%=7.6188, CVaR_95%=7.9548, CVaR_96%=8.3947, CVaR_97%=8.8971, CVaR_98%=9.6264, CVaR_99%=10.5937
Iter 290: critic_loss=0.023688, actor_loss=4.623139, V_early=159.16, mean_cost=0.000990, mean_terminal_hedging_error=-0.249532, std_terminal_hedging_error=2.746496, mean_action=0.167696
  CVaR: CVaR_91%=6.3320, CVaR_92%=6.6173, CVaR_93%=6.9255, CVaR_94%=7.3080, CVaR_95%=7.7448, CVaR_96%=8.3125, CVaR_97%=9.0370, CVaR_98%=10.1754, CVaR_99%=11.9510
Iter 300: critic_loss=0.023171, actor_loss=4.755869, V_early=154.18, mean_cost=0.000993, mean_terminal_hedging_error=-0.250269, std_terminal_hedging_error=2.602195, mean_action=0.165096
  CVaR: CVaR_91%=6.0710, CVaR_92%=6.3295, CVaR_93%=6.5987, CVaR_94%=6.9005, CVaR_95%=7.2341, CVaR_96%=7.6539, CVaR_97%=8.2311, CVaR_98%=9.0987, CVaR_99%=10.5283
Iter 310: critic_loss=0.023064, actor_loss=5.541999, V_early=146.40, mean_cost=0.001684, mean_terminal_hedging_error=-0.424322, std_terminal_hedging_error=2.898876, mean_action=0.164430
  CVaR: CVaR_91%=7.0267, CVaR_92%=7.3114, CVaR_93%=7.6028, CVaR_94%=7.9562, CVaR_95%=8.3747, CVaR_96%=8.9106, CVaR_97%=9.5708, CVaR_98%=10.6003, CVaR_99%=12.3944
Iter 320: critic_loss=0.025679, actor_loss=6.433661, V_early=151.67, mean_cost=0.001651, mean_terminal_hedging_error=-0.416008, std_terminal_hedging_error=2.816813, mean_action=0.168299
  CVaR: CVaR_91%=6.4061, CVaR_92%=6.6666, CVaR_93%=6.9509, CVaR_94%=7.3105, CVaR_95%=7.7351, CVaR_96%=8.3035, CVaR_97%=9.0135, CVaR_98%=10.0508, CVaR_99%=11.8373
Iter 330: critic_loss=0.023915, actor_loss=4.992398, V_early=155.57, mean_cost=0.000976, mean_terminal_hedging_error=-0.245913, std_terminal_hedging_error=2.673248, mean_action=0.165056
  CVaR: CVaR_91%=6.2671, CVaR_92%=6.5326, CVaR_93%=6.8148, CVaR_94%=7.1710, CVaR_95%=7.5628, CVaR_96%=8.0219, CVaR_97%=8.5891, CVaR_98%=9.4838, CVaR_99%=11.1314
Iter 340: critic_loss=0.024234, actor_loss=5.098129, V_early=154.79, mean_cost=0.001678, mean_terminal_hedging_error=-0.422929, std_terminal_hedging_error=2.757265, mean_action=0.165356
  CVaR: CVaR_91%=6.6299, CVaR_92%=6.8832, CVaR_93%=7.1617, CVaR_94%=7.5187, CVaR_95%=7.9416, CVaR_96%=8.4731, CVaR_97%=9.1210, CVaR_98%=10.1531, CVaR_99%=11.8685
Iter 350: critic_loss=0.023004, actor_loss=5.016083, V_early=152.15, mean_cost=0.001988, mean_terminal_hedging_error=-0.500869, std_terminal_hedging_error=2.774485, mean_action=0.161199
  CVaR: CVaR_91%=6.9160, CVaR_92%=7.1856, CVaR_93%=7.4677, CVaR_94%=7.8166, CVaR_95%=8.1964, CVaR_96%=8.6937, CVaR_97%=9.3264, CVaR_98%=10.2272, CVaR_99%=11.5925
Iter 360: critic_loss=0.024145, actor_loss=5.089938, V_early=157.69, mean_cost=0.001504, mean_terminal_hedging_error=-0.378896, std_terminal_hedging_error=2.858049, mean_action=0.165184
  CVaR: CVaR_91%=6.8477, CVaR_92%=7.1603, CVaR_93%=7.4999, CVaR_94%=7.9149, CVaR_95%=8.3875, CVaR_96%=9.0090, CVaR_97%=9.7844, CVaR_98%=10.9878, CVaR_99%=13.2200
Iter 370: critic_loss=0.028536, actor_loss=7.479439, V_early=149.86, mean_cost=0.001150, mean_terminal_hedging_error=-0.289856, std_terminal_hedging_error=2.739777, mean_action=0.166226
  CVaR: CVaR_91%=6.4518, CVaR_92%=6.7275, CVaR_93%=7.0099, CVaR_94%=7.3538, CVaR_95%=7.7541, CVaR_96%=8.2808, CVaR_97%=8.9440, CVaR_98%=9.9228, CVaR_99%=11.6307
Iter 380: critic_loss=0.024632, actor_loss=5.763376, V_early=149.34, mean_cost=0.001321, mean_terminal_hedging_error=-0.332837, std_terminal_hedging_error=2.836952, mean_action=0.164761
  CVaR: CVaR_91%=6.8966, CVaR_92%=7.2254, CVaR_93%=7.5836, CVaR_94%=8.0195, CVaR_95%=8.5001, CVaR_96%=9.1495, CVaR_97%=9.9503, CVaR_98%=11.0728, CVaR_99%=12.9075
Iter 390: critic_loss=0.022984, actor_loss=5.274190, V_early=149.36, mean_cost=0.001367, mean_terminal_hedging_error=-0.344528, std_terminal_hedging_error=2.701548, mean_action=0.162724
  CVaR: CVaR_91%=6.4042, CVaR_92%=6.6636, CVaR_93%=6.9475, CVaR_94%=7.2842, CVaR_95%=7.6723, CVaR_96%=8.2050, CVaR_97%=8.9026, CVaR_98%=10.0000, CVaR_99%=11.7574
